<?xml version='1.0'?>
<ns2:test-suite xmlns:ns2='urn:model.allure.qatools.yandex.ru' start='1623328550421' stop='1623328550593'>
    <name>Login Feature: Mobile number validation Singapore: 8 digits</name>
    <title>Login Feature: Mobile number validation Singapore: 8 digits</title>
    <test-cases>
        <test-case start='1623328550421' status='passed' stop='1623328550422'>
            <name></name>
            <title></title>
            <labels>
                <label name='language' value='javascript'/>
                <label name='framework' value='wdio'/>
                <label name='thread' value='0-0'/>
            </labels>
            <parameters>
                <parameter kind='argument' name='device' value='emulator-5554-9'/>
            </parameters>
            <steps/>
            <attachments/>
        </test-case>
        <test-case start='1623328550423' status='broken' stop='1623328550570'>
            <name>Given I am on Sign In Screen</name>
            <title>Given I am on Sign In Screen</title>
            <labels>
                <label name='language' value='javascript'/>
                <label name='framework' value='wdio'/>
                <label name='thread' value='0-0'/>
            </labels>
            <parameters>
                <parameter kind='argument' name='device' value='emulator-5554-9'/>
            </parameters>
            <steps>
                <step start='1623328550423' status='broken' stop='1623328550570'>
                    <name>GET /session/:sessionId/title</name>
                    <title>GET /session/:sessionId/title</title>
                    <attachments/>
                    <steps>
                        <step start='1623328550500' status='broken' stop='1623328550570'>
                            <name>GET /session/:sessionId/screenshot</name>
                            <title>GET /session/:sessionId/screenshot</title>
                            <attachments/>
                            <steps/>
                        </step>
                    </steps>
                </step>
            </steps>
            <attachments/>
            <failure>
                <message>no such window: target window already closed</message>
                <stack-trace>no such window: target window already closed
                from unknown error: web view not found
                  (Session info: chrome=69.0.3497.100)
                  (Driver info: chromedriver=2.44.609538 (b655c5a60b0b544917107a59d4153d4bf78e1b90),platform=Windows NT 10.0.19041 x86_64)
                    at Object.getErrorFromResponseBody (C:\Users\dell\Documents\VSSelenium_Workspace\my-test-app\node_modules\@wdio\runner\node_modules\webdriver\build\utils.js:189:12)
                    at WebDriverRequest._request (C:\Users\dell\Documents\VSSelenium_Workspace\my-test-app\node_modules\@wdio\runner\node_modules\webdriver\build\request.js:168:31)
                    at processTicksAndRejections (internal/process/task_queues.js:93:5)
                    at Browser.runCommandWithHooks (C:\Users\dell\Documents\VSSelenium_Workspace\my-test-app\node_modules\@wdio\sync\build\wrapCommand.js:105:25)
                    at Browser.runCommandWithHooks (C:\Users\dell\Documents\VSSelenium_Workspace\my-test-app\node_modules\@wdio\sync\build\wrapCommand.js:100:24)
                    at Browser.getTitle (C:\Users\dell\Documents\VSSelenium_Workspace\my-test-app\node_modules\@wdio\sync\build\wrapCommand.js:67:44)
                    at World.&lt;anonymous> (C:\Users\dell\Documents\VSSelenium_Workspace\my-test-app\src\steps\/given.js:21:28)
                    at World.executeSync (C:\Users\dell\Documents\VSSelenium_Workspace\my-test-app\node_modules\@wdio\sync\build\index.js:38:22)
                    at C:\Users\dell\Documents\VSSelenium_Workspace\my-test-app\node_modules\@wdio\sync\build\index.js:69:68</stack-trace>
            </failure>
        </test-case>
        <test-case start='1623328550571' status='undefined'>
            <name>And I switch to webview</name>
            <title>And I switch to webview</title>
            <labels>
                <label name='language' value='javascript'/>
                <label name='framework' value='wdio'/>
                <label name='thread' value='0-0'/>
            </labels>
            <parameters>
                <parameter kind='argument' name='device' value='emulator-5554-9'/>
            </parameters>
            <steps/>
            <attachments/>
        </test-case>
        <test-case start='1623328550571' status='pending' stop='1623328550571'>
            <name>I switch to webview</name>
            <title>I switch to webview</title>
            <labels/>
            <parameters/>
            <steps/>
            <attachments/>
            <failure>
                <message>Test ignored</message>
                <stack-trace>undefined</stack-trace>
            </failure>
        </test-case>
        <test-case start='1623328550571' status='undefined'>
            <name>When I should see Mobile field</name>
            <title>When I should see Mobile field</title>
            <labels>
                <label name='language' value='javascript'/>
                <label name='framework' value='wdio'/>
                <label name='thread' value='0-0'/>
            </labels>
            <parameters>
                <parameter kind='argument' name='device' value='emulator-5554-9'/>
            </parameters>
            <steps/>
            <attachments/>
        </test-case>
        <test-case start='1623328550571' status='pending' stop='1623328550571'>
            <name>I should see Mobile field</name>
            <title>I should see Mobile field</title>
            <labels/>
            <parameters/>
            <steps/>
            <attachments/>
            <failure>
                <message>Test ignored</message>
                <stack-trace>undefined</stack-trace>
            </failure>
        </test-case>
        <test-case start='1623328550571' status='undefined'>
            <name>When I select Singapore Country_Code</name>
            <title>When I select Singapore Country_Code</title>
            <labels>
                <label name='language' value='javascript'/>
                <label name='framework' value='wdio'/>
                <label name='thread' value='0-0'/>
            </labels>
            <parameters>
                <parameter kind='argument' name='device' value='emulator-5554-9'/>
            </parameters>
            <steps/>
            <attachments/>
        </test-case>
        <test-case start='1623328550572' status='pending' stop='1623328550572'>
            <name>I select Singapore Country_Code</name>
            <title>I select Singapore Country_Code</title>
            <labels/>
            <parameters/>
            <steps/>
            <attachments/>
            <failure>
                <message>Test ignored</message>
                <stack-trace>undefined</stack-trace>
            </failure>
        </test-case>
        <test-case start='1623328550572' status='undefined'>
            <name>Then I input mobile number as "85552241"</name>
            <title>Then I input mobile number as "85552241"</title>
            <labels>
                <label name='language' value='javascript'/>
                <label name='framework' value='wdio'/>
                <label name='thread' value='0-0'/>
            </labels>
            <parameters>
                <parameter kind='argument' name='device' value='emulator-5554-9'/>
            </parameters>
            <steps/>
            <attachments/>
        </test-case>
        <test-case start='1623328550572' status='pending' stop='1623328550572'>
            <name>I input mobile number as "85552241"</name>
            <title>I input mobile number as "85552241"</title>
            <labels/>
            <parameters/>
            <steps/>
            <attachments/>
            <failure>
                <message>Test ignored</message>
                <stack-trace>undefined</stack-trace>
            </failure>
        </test-case>
        <test-case start='1623328550572' status='broken' stop='1623328550591'>
            <name>And I should see Valid</name>
            <title>And I should see Valid</title>
            <labels>
                <label name='language' value='javascript'/>
                <label name='framework' value='wdio'/>
                <label name='thread' value='0-0'/>
            </labels>
            <parameters>
                <parameter kind='argument' name='device' value='emulator-5554-9'/>
            </parameters>
            <steps/>
            <attachments/>
            <failure>
                <message>Step "I should see Valid" is not defined. You can ignore this error by setting cucumberOpts.ignoreUndefinedDefinitions as true.</message>
                <stack-trace>Step "I should see Valid" is not defined. You can ignore this error by setting cucumberOpts.ignoreUndefinedDefinitions as true.
                	at Feature(C:\Users\dell\Documents\VSSelenium_Workspace\my-test-app\src\features\Login.feature):1:1
                	at Scenario(Mobile number validation &lt;Description>):17:1
                	at Step(I should see &lt;Message>):24:9
                </stack-trace>
            </failure>
        </test-case>
        <test-case start='1623328550592' status='passed' stop='1623328550593'>
            <name></name>
            <title></title>
            <labels>
                <label name='language' value='javascript'/>
                <label name='framework' value='wdio'/>
                <label name='thread' value='0-0'/>
            </labels>
            <parameters>
                <parameter kind='argument' name='device' value='emulator-5554-9'/>
            </parameters>
            <steps/>
            <attachments/>
        </test-case>
    </test-cases>
</ns2:test-suite>