<?xml version='1.0'?>
<ns2:test-suite xmlns:ns2='urn:model.allure.qatools.yandex.ru' start='1623260604097' stop='1623260605140'>
    <name>Login Feature: Login - mobile number validation</name>
    <title>Login Feature: Login - mobile number validation</title>
    <test-cases>
        <test-case start='1623260604097' status='passed' stop='1623260604098'>
            <name></name>
            <title></title>
            <labels>
                <label name='language' value='javascript'/>
                <label name='framework' value='wdio'/>
                <label name='thread' value='0-0'/>
            </labels>
            <parameters>
                <parameter kind='argument' name='device' value='emulator-5554-9'/>
            </parameters>
            <steps/>
            <attachments/>
        </test-case>
        <test-case start='1623260604099' status='passed' stop='1623260604193'>
            <name>Given I am on Sign In Screen</name>
            <title>Given I am on Sign In Screen</title>
            <labels>
                <label name='language' value='javascript'/>
                <label name='framework' value='wdio'/>
                <label name='thread' value='0-0'/>
            </labels>
            <parameters>
                <parameter kind='argument' name='device' value='emulator-5554-9'/>
            </parameters>
            <steps>
                <step start='1623260604100' status='passed' stop='1623260604191'>
                    <name>GET /session/:sessionId/title</name>
                    <title>GET /session/:sessionId/title</title>
                    <attachments>
                        <attachment title='Response' source='d517c788-83b7-4f07-8c8a-8e619b82bb1f-attachment.json' type='application/json' size='9'/>
                    </attachments>
                    <steps/>
                </step>
            </steps>
            <attachments/>
        </test-case>
        <test-case start='1623260604193' status='passed' stop='1623260604777'>
            <name>And I switch to webview</name>
            <title>And I switch to webview</title>
            <labels>
                <label name='language' value='javascript'/>
                <label name='framework' value='wdio'/>
                <label name='thread' value='0-0'/>
            </labels>
            <parameters>
                <parameter kind='argument' name='device' value='emulator-5554-9'/>
            </parameters>
            <steps>
                <step start='1623260604196' status='passed' stop='1623260604751'>
                    <name>GET /session/:sessionId/contexts</name>
                    <title>GET /session/:sessionId/contexts</title>
                    <attachments>
                        <attachment title='Response' source='8f2096d3-6d28-45c3-82ac-9d999ddd78d4-attachment.json' type='application/json' size='58'/>
                    </attachments>
                    <steps/>
                </step>
                <step start='1623260604752' status='passed' stop='1623260604775'>
                    <name>POST /session/:sessionId/context</name>
                    <title>POST /session/:sessionId/context</title>
                    <attachments>
                        <attachment title='Request' source='0d9a3534-9e12-4c3a-9aa3-a0233df45298-attachment.json' type='application/json' size='50'/>
                    </attachments>
                    <steps/>
                </step>
            </steps>
            <attachments/>
        </test-case>
        <test-case start='1623260604778' status='passed' stop='1623260605129'>
            <name>Then I should see Mobile field</name>
            <title>Then I should see Mobile field</title>
            <labels>
                <label name='language' value='javascript'/>
                <label name='framework' value='wdio'/>
                <label name='thread' value='0-0'/>
            </labels>
            <parameters>
                <parameter kind='argument' name='device' value='emulator-5554-9'/>
            </parameters>
            <steps>
                <step start='1623260604781' status='passed' stop='1623260604924'>
                    <name>POST /session/:sessionId/element</name>
                    <title>POST /session/:sessionId/element</title>
                    <attachments>
                        <attachment title='Request' source='f5a5ea75-6c1e-4c30-af81-fc66817f4efc-attachment.json' type='application/json' size='77'/>
                        <attachment title='Response' source='eeadfd7f-96ec-43ac-9b08-056de7e5dc78-attachment.json' type='application/json' size='106'/>
                    </attachments>
                    <steps/>
                </step>
                <step start='1623260604962' status='passed' stop='1623260605125'>
                    <name>GET /session/:sessionId/element/0.16822662025544655-3/displayed</name>
                    <title>GET /session/:sessionId/element/0.16822662025544655-3/displayed</title>
                    <attachments>
                        <attachment title='Response' source='2d75b0fb-03ee-4bca-b2b4-71c0c6668a0f-attachment.json' type='application/json' size='4'/>
                    </attachments>
                    <steps/>
                </step>
            </steps>
            <attachments/>
        </test-case>
        <test-case start='1623260605129' status='broken' stop='1623260605134'>
            <name>When I select Singapore +65</name>
            <title>When I select Singapore +65</title>
            <labels>
                <label name='language' value='javascript'/>
                <label name='framework' value='wdio'/>
                <label name='thread' value='0-0'/>
            </labels>
            <parameters>
                <parameter kind='argument' name='device' value='emulator-5554-9'/>
            </parameters>
            <steps/>
            <attachments/>
            <failure>
                <message>Step "I select Singapore +65" is not defined. You can ignore this error by setting cucumberOpts.ignoreUndefinedDefinitions as true.</message>
                <stack-trace>Step "I select Singapore +65" is not defined. You can ignore this error by setting cucumberOpts.ignoreUndefinedDefinitions as true.
                	at Feature(C:\Users\dell\Documents\VSSelenium_Workspace\my-test-app\src\features\Login.feature):1:1
                	at Scenario(Login - mobile number validation):17:1
                	at Step(I select Singapore &lt;Country_Code>):22:5
                </stack-trace>
            </failure>
        </test-case>
        <test-case start='1623260605134' status='undefined'>
            <name>Then I enter number as 70380536</name>
            <title>Then I enter number as 70380536</title>
            <labels>
                <label name='language' value='javascript'/>
                <label name='framework' value='wdio'/>
                <label name='thread' value='0-0'/>
            </labels>
            <parameters>
                <parameter kind='argument' name='device' value='emulator-5554-9'/>
            </parameters>
            <steps/>
            <attachments/>
        </test-case>
        <test-case start='1623260605137' status='pending' stop='1623260605137'>
            <name>I enter number as 70380536</name>
            <title>I enter number as 70380536</title>
            <labels/>
            <parameters/>
            <steps/>
            <attachments/>
            <failure>
                <message>Test ignored</message>
                <stack-trace>undefined</stack-trace>
            </failure>
        </test-case>
        <test-case start='1623260605137' status='undefined'>
            <name>And I should see Login button enabled</name>
            <title>And I should see Login button enabled</title>
            <labels>
                <label name='language' value='javascript'/>
                <label name='framework' value='wdio'/>
                <label name='thread' value='0-0'/>
            </labels>
            <parameters>
                <parameter kind='argument' name='device' value='emulator-5554-9'/>
            </parameters>
            <steps/>
            <attachments/>
        </test-case>
        <test-case start='1623260605138' status='pending' stop='1623260605138'>
            <name>I should see Login button enabled</name>
            <title>I should see Login button enabled</title>
            <labels/>
            <parameters/>
            <steps/>
            <attachments/>
            <failure>
                <message>Test ignored</message>
                <stack-trace>undefined</stack-trace>
            </failure>
        </test-case>
        <test-case start='1623260605138' status='passed' stop='1623260605140'>
            <name></name>
            <title></title>
            <labels>
                <label name='language' value='javascript'/>
                <label name='framework' value='wdio'/>
                <label name='thread' value='0-0'/>
            </labels>
            <parameters>
                <parameter kind='argument' name='device' value='emulator-5554-9'/>
            </parameters>
            <steps/>
            <attachments/>
        </test-case>
    </test-cases>
</ns2:test-suite>