<?xml version='1.0'?>
<ns2:test-suite xmlns:ns2='urn:model.allure.qatools.yandex.ru' start='1623298601584' stop='1623298602023'>
    <name>Login Feature: Login - mobile number validation</name>
    <title>Login Feature: Login - mobile number validation</title>
    <test-cases>
        <test-case start='1623298601584' status='passed' stop='1623298601585'>
            <name></name>
            <title></title>
            <labels>
                <label name='language' value='javascript'/>
                <label name='framework' value='wdio'/>
                <label name='thread' value='0-0'/>
            </labels>
            <parameters>
                <parameter kind='argument' name='device' value='emulator-5554-9'/>
            </parameters>
            <steps/>
            <attachments/>
        </test-case>
        <test-case start='1623298601585' status='passed' stop='1623298601612'>
            <name>Given I am on Sign In Screen</name>
            <title>Given I am on Sign In Screen</title>
            <labels>
                <label name='language' value='javascript'/>
                <label name='framework' value='wdio'/>
                <label name='thread' value='0-0'/>
            </labels>
            <parameters>
                <parameter kind='argument' name='device' value='emulator-5554-9'/>
            </parameters>
            <steps>
                <step start='1623298601586' status='passed' stop='1623298601609'>
                    <name>GET /session/:sessionId/title</name>
                    <title>GET /session/:sessionId/title</title>
                    <attachments>
                        <attachment title='Response' source='02c6e6d9-d0fd-4196-9524-9ba85bedd60d-attachment.json' type='application/json' size='9'/>
                    </attachments>
                    <steps/>
                </step>
            </steps>
            <attachments/>
        </test-case>
        <test-case start='1623298601612' status='passed' stop='1623298601932'>
            <name>And I switch to webview</name>
            <title>And I switch to webview</title>
            <labels>
                <label name='language' value='javascript'/>
                <label name='framework' value='wdio'/>
                <label name='thread' value='0-0'/>
            </labels>
            <parameters>
                <parameter kind='argument' name='device' value='emulator-5554-9'/>
            </parameters>
            <steps>
                <step start='1623298601612' status='passed' stop='1623298601922'>
                    <name>GET /session/:sessionId/contexts</name>
                    <title>GET /session/:sessionId/contexts</title>
                    <attachments>
                        <attachment title='Response' source='fa0437a2-586c-486d-8cd8-d2807d13818c-attachment.json' type='application/json' size='58'/>
                    </attachments>
                    <steps/>
                </step>
                <step start='1623298601922' status='passed' stop='1623298601931'>
                    <name>POST /session/:sessionId/context</name>
                    <title>POST /session/:sessionId/context</title>
                    <attachments>
                        <attachment title='Request' source='9d3d6a0b-68bf-40a8-b8e2-ee0958148363-attachment.json' type='application/json' size='50'/>
                    </attachments>
                    <steps/>
                </step>
            </steps>
            <attachments/>
        </test-case>
        <test-case start='1623298601932' status='passed' stop='1623298602019'>
            <name>Then I should see Mobile field</name>
            <title>Then I should see Mobile field</title>
            <labels>
                <label name='language' value='javascript'/>
                <label name='framework' value='wdio'/>
                <label name='thread' value='0-0'/>
            </labels>
            <parameters>
                <parameter kind='argument' name='device' value='emulator-5554-9'/>
            </parameters>
            <steps>
                <step start='1623298601934' status='passed' stop='1623298601973'>
                    <name>POST /session/:sessionId/element</name>
                    <title>POST /session/:sessionId/element</title>
                    <attachments>
                        <attachment title='Request' source='554b0697-dc29-4f98-a41c-5d33eb101a14-attachment.json' type='application/json' size='77'/>
                        <attachment title='Response' source='23037a56-6952-445a-a990-87e476350027-attachment.json' type='application/json' size='104'/>
                    </attachments>
                    <steps/>
                </step>
                <step start='1623298601980' status='passed' stop='1623298602017'>
                    <name>GET /session/:sessionId/element/0.6958451900079323-3/displayed</name>
                    <title>GET /session/:sessionId/element/0.6958451900079323-3/displayed</title>
                    <attachments>
                        <attachment title='Response' source='c74dbeb2-fae4-44b6-bbb6-ef01281df3a9-attachment.json' type='application/json' size='4'/>
                    </attachments>
                    <steps/>
                </step>
            </steps>
            <attachments/>
        </test-case>
        <test-case start='1623298602019' status='broken' stop='1623298602020'>
            <name>When I select Singapore +65</name>
            <title>When I select Singapore +65</title>
            <labels>
                <label name='language' value='javascript'/>
                <label name='framework' value='wdio'/>
                <label name='thread' value='0-0'/>
            </labels>
            <parameters>
                <parameter kind='argument' name='device' value='emulator-5554-9'/>
            </parameters>
            <steps/>
            <attachments/>
            <failure>
                <message>Step "I select Singapore +65" is not defined. You can ignore this error by setting cucumberOpts.ignoreUndefinedDefinitions as true.</message>
                <stack-trace>Step "I select Singapore +65" is not defined. You can ignore this error by setting cucumberOpts.ignoreUndefinedDefinitions as true.
                	at Feature(C:\Users\dell\Documents\VSSelenium_Workspace\my-test-app\src\features\Login.feature):1:1
                	at Scenario(Login - mobile number validation):17:1
                	at Step(I select Singapore +65):28:5
                </stack-trace>
            </failure>
        </test-case>
        <test-case start='1623298602020' status='broken' stop='1623298602020'>
            <name>Then I enter number as  70380536</name>
            <title>Then I enter number as  70380536</title>
            <labels>
                <label name='language' value='javascript'/>
                <label name='framework' value='wdio'/>
                <label name='thread' value='0-0'/>
            </labels>
            <parameters>
                <parameter kind='argument' name='device' value='emulator-5554-9'/>
            </parameters>
            <steps/>
            <attachments/>
            <failure>
                <message>Step "I enter number as  70380536" is not defined. You can ignore this error by setting cucumberOpts.ignoreUndefinedDefinitions as true.</message>
                <stack-trace>Step "I enter number as  70380536" is not defined. You can ignore this error by setting cucumberOpts.ignoreUndefinedDefinitions as true.
                	at Feature(C:\Users\dell\Documents\VSSelenium_Workspace\my-test-app\src\features\Login.feature):1:1
                	at Scenario(Login - mobile number validation):17:1
                	at Step(I enter number as  70380536):29:5
                </stack-trace>
            </failure>
        </test-case>
        <test-case start='1623298602020' status='undefined'>
            <name>And I should see Login button enabled</name>
            <title>And I should see Login button enabled</title>
            <labels>
                <label name='language' value='javascript'/>
                <label name='framework' value='wdio'/>
                <label name='thread' value='0-0'/>
            </labels>
            <parameters>
                <parameter kind='argument' name='device' value='emulator-5554-9'/>
            </parameters>
            <steps/>
            <attachments/>
        </test-case>
        <test-case start='1623298602021' status='pending' stop='1623298602021'>
            <name>I should see Login button enabled</name>
            <title>I should see Login button enabled</title>
            <labels/>
            <parameters/>
            <steps/>
            <attachments/>
            <failure>
                <message>Test ignored</message>
                <stack-trace>undefined</stack-trace>
            </failure>
        </test-case>
        <test-case start='1623298602021' status='passed' stop='1623298602023'>
            <name></name>
            <title></title>
            <labels>
                <label name='language' value='javascript'/>
                <label name='framework' value='wdio'/>
                <label name='thread' value='0-0'/>
            </labels>
            <parameters>
                <parameter kind='argument' name='device' value='emulator-5554-9'/>
            </parameters>
            <steps/>
            <attachments/>
        </test-case>
    </test-cases>
</ns2:test-suite>