<?xml version='1.0'?>
<ns2:test-suite xmlns:ns2='urn:model.allure.qatools.yandex.ru' start='1623300861899' stop='1623300862349'>
    <name>Login Feature: Login - mobile number validation</name>
    <title>Login Feature: Login - mobile number validation</title>
    <test-cases>
        <test-case start='1623300861899' status='passed' stop='1623300861899'>
            <name></name>
            <title></title>
            <labels>
                <label name='language' value='javascript'/>
                <label name='framework' value='wdio'/>
                <label name='thread' value='0-0'/>
            </labels>
            <parameters>
                <parameter kind='argument' name='device' value='emulator-5554-9'/>
            </parameters>
            <steps/>
            <attachments/>
        </test-case>
        <test-case start='1623300861900' status='passed' stop='1623300861962'>
            <name>Given I am on Sign In Screen</name>
            <title>Given I am on Sign In Screen</title>
            <labels>
                <label name='language' value='javascript'/>
                <label name='framework' value='wdio'/>
                <label name='thread' value='0-0'/>
            </labels>
            <parameters>
                <parameter kind='argument' name='device' value='emulator-5554-9'/>
            </parameters>
            <steps>
                <step start='1623300861900' status='passed' stop='1623300861959'>
                    <name>GET /session/:sessionId/title</name>
                    <title>GET /session/:sessionId/title</title>
                    <attachments>
                        <attachment title='Response' source='9bc44986-526a-4244-aaf6-71c1aca21f58-attachment.json' type='application/json' size='9'/>
                    </attachments>
                    <steps/>
                </step>
            </steps>
            <attachments/>
        </test-case>
        <test-case start='1623300861962' status='passed' stop='1623300862242'>
            <name>And I switch to webview</name>
            <title>And I switch to webview</title>
            <labels>
                <label name='language' value='javascript'/>
                <label name='framework' value='wdio'/>
                <label name='thread' value='0-0'/>
            </labels>
            <parameters>
                <parameter kind='argument' name='device' value='emulator-5554-9'/>
            </parameters>
            <steps>
                <step start='1623300861963' status='passed' stop='1623300862233'>
                    <name>GET /session/:sessionId/contexts</name>
                    <title>GET /session/:sessionId/contexts</title>
                    <attachments>
                        <attachment title='Response' source='faf629c0-8d45-47dc-a897-6225d4a59550-attachment.json' type='application/json' size='58'/>
                    </attachments>
                    <steps/>
                </step>
                <step start='1623300862234' status='passed' stop='1623300862241'>
                    <name>POST /session/:sessionId/context</name>
                    <title>POST /session/:sessionId/context</title>
                    <attachments>
                        <attachment title='Request' source='7deda884-de37-4567-89af-58bf78534922-attachment.json' type='application/json' size='50'/>
                    </attachments>
                    <steps/>
                </step>
            </steps>
            <attachments/>
        </test-case>
        <test-case start='1623300862242' status='passed' stop='1623300862347'>
            <name>When I should see Mobile field</name>
            <title>When I should see Mobile field</title>
            <labels>
                <label name='language' value='javascript'/>
                <label name='framework' value='wdio'/>
                <label name='thread' value='0-0'/>
            </labels>
            <parameters>
                <parameter kind='argument' name='device' value='emulator-5554-9'/>
            </parameters>
            <steps>
                <step start='1623300862244' status='passed' stop='1623300862292'>
                    <name>POST /session/:sessionId/element</name>
                    <title>POST /session/:sessionId/element</title>
                    <attachments>
                        <attachment title='Request' source='fc404964-6675-44b5-a0fc-c68eb2eed9b4-attachment.json' type='application/json' size='77'/>
                        <attachment title='Response' source='c497d0b0-3be2-42c7-80c7-94319848e065-attachment.json' type='application/json' size='104'/>
                    </attachments>
                    <steps/>
                </step>
                <step start='1623300862299' status='passed' stop='1623300862345'>
                    <name>GET /session/:sessionId/element/0.5773003137577617-3/displayed</name>
                    <title>GET /session/:sessionId/element/0.5773003137577617-3/displayed</title>
                    <attachments>
                        <attachment title='Response' source='6fca7d49-85a8-41f9-8060-5a7f37ee064d-attachment.json' type='application/json' size='4'/>
                    </attachments>
                    <steps/>
                </step>
            </steps>
            <attachments/>
        </test-case>
        <test-case start='1623300862347' status='broken' stop='1623300862347'>
            <name>And I select Singapore +65</name>
            <title>And I select Singapore +65</title>
            <labels>
                <label name='language' value='javascript'/>
                <label name='framework' value='wdio'/>
                <label name='thread' value='0-0'/>
            </labels>
            <parameters>
                <parameter kind='argument' name='device' value='emulator-5554-9'/>
            </parameters>
            <steps/>
            <attachments/>
            <failure>
                <message>Step "I select Singapore +65" is not defined. You can ignore this error by setting cucumberOpts.ignoreUndefinedDefinitions as true.</message>
                <stack-trace>Step "I select Singapore +65" is not defined. You can ignore this error by setting cucumberOpts.ignoreUndefinedDefinitions as true.
                	at Feature(C:\Users\dell\Documents\VSSelenium_Workspace\my-test-app\src\features\Login.feature):1:1
                	at Scenario(Login - mobile number validation):17:1
                	at Step(I select Singapore +65):28:10
                </stack-trace>
            </failure>
        </test-case>
        <test-case start='1623300862348' status='broken' stop='1623300862348'>
            <name>Then I enter number as  70380536</name>
            <title>Then I enter number as  70380536</title>
            <labels>
                <label name='language' value='javascript'/>
                <label name='framework' value='wdio'/>
                <label name='thread' value='0-0'/>
            </labels>
            <parameters>
                <parameter kind='argument' name='device' value='emulator-5554-9'/>
            </parameters>
            <steps/>
            <attachments/>
            <failure>
                <message>Step "I enter number as  70380536" is not defined. You can ignore this error by setting cucumberOpts.ignoreUndefinedDefinitions as true.</message>
                <stack-trace>Step "I enter number as  70380536" is not defined. You can ignore this error by setting cucumberOpts.ignoreUndefinedDefinitions as true.
                	at Feature(C:\Users\dell\Documents\VSSelenium_Workspace\my-test-app\src\features\Login.feature):1:1
                	at Scenario(Login - mobile number validation):17:1
                	at Step(I enter number as  70380536):29:5
                </stack-trace>
            </failure>
        </test-case>
        <test-case start='1623300862348' status='undefined'>
            <name>And I should see Login button enabled</name>
            <title>And I should see Login button enabled</title>
            <labels>
                <label name='language' value='javascript'/>
                <label name='framework' value='wdio'/>
                <label name='thread' value='0-0'/>
            </labels>
            <parameters>
                <parameter kind='argument' name='device' value='emulator-5554-9'/>
            </parameters>
            <steps/>
            <attachments/>
        </test-case>
        <test-case start='1623300862348' status='pending' stop='1623300862348'>
            <name>I should see Login button enabled</name>
            <title>I should see Login button enabled</title>
            <labels/>
            <parameters/>
            <steps/>
            <attachments/>
            <failure>
                <message>Test ignored</message>
                <stack-trace>undefined</stack-trace>
            </failure>
        </test-case>
        <test-case start='1623300862349' status='passed' stop='1623300862349'>
            <name></name>
            <title></title>
            <labels>
                <label name='language' value='javascript'/>
                <label name='framework' value='wdio'/>
                <label name='thread' value='0-0'/>
            </labels>
            <parameters>
                <parameter kind='argument' name='device' value='emulator-5554-9'/>
            </parameters>
            <steps/>
            <attachments/>
        </test-case>
    </test-cases>
</ns2:test-suite>