<?xml version='1.0'?>
<ns2:test-suite xmlns:ns2='urn:model.allure.qatools.yandex.ru' start='1623243792402' stop='1623243823573'>
    <name>Login Feature: Mobile number validation</name>
    <title>Login Feature: Mobile number validation</title>
    <test-cases>
        <test-case start='1623243792404' status='passed' stop='1623243792418'>
            <name></name>
            <title></title>
            <labels>
                <label name='language' value='javascript'/>
                <label name='framework' value='wdio'/>
                <label name='thread' value='0-0'/>
            </labels>
            <parameters>
                <parameter kind='argument' name='device' value='emulator-5554-9'/>
            </parameters>
            <steps/>
            <attachments/>
        </test-case>
        <test-case start='1623243792419' status='passed' stop='1623243792427'>
            <name>Given I launch V2 Application</name>
            <title>Given I launch V2 Application</title>
            <labels>
                <label name='language' value='javascript'/>
                <label name='framework' value='wdio'/>
                <label name='thread' value='0-0'/>
            </labels>
            <parameters>
                <parameter kind='argument' name='device' value='emulator-5554-9'/>
            </parameters>
            <steps/>
            <attachments/>
        </test-case>
        <test-case start='1623243792428' status='broken' stop='1623243823570'>
            <name>And I switch to webview</name>
            <title>And I switch to webview</title>
            <labels>
                <label name='language' value='javascript'/>
                <label name='framework' value='wdio'/>
                <label name='thread' value='0-0'/>
            </labels>
            <parameters>
                <parameter kind='argument' name='device' value='emulator-5554-9'/>
            </parameters>
            <steps>
                <step start='1623243792430' status='passed' stop='1623243792889'>
                    <name>GET /session/:sessionId/contexts</name>
                    <title>GET /session/:sessionId/contexts</title>
                    <attachments>
                        <attachment title='Response' source='d9b27af1-d521-4bce-ba6c-9c72e7ad9f3d-attachment.json' type='application/json' size='58'/>
                    </attachments>
                    <steps/>
                </step>
                <step start='1623243792890' status='broken' stop='1623243823570'>
                    <name>POST /session/:sessionId/context</name>
                    <title>POST /session/:sessionId/context</title>
                    <attachments>
                        <attachment title='Request' source='5a14e915-475c-4a63-995c-e46e8355ef68-attachment.json' type='application/json' size='50'/>
                    </attachments>
                    <steps>
                        <step start='1623243823446' status='broken' stop='1623243823570'>
                            <name>DELETE /session/:sessionId</name>
                            <title>DELETE /session/:sessionId</title>
                            <attachments/>
                            <steps/>
                        </step>
                    </steps>
                </step>
            </steps>
            <attachments/>
            <failure>
                <message>invalid session id: A session is either terminated or not started</message>
                <stack-trace>invalid session id: A session is either terminated or not started
                    at Object.getErrorFromResponseBody (C:\Users\dell\Documents\VSSelenium_Workspace\my-test-app\node_modules\@wdio\runner\node_modules\webdriver\build\utils.js:189:12)
                    at WebDriverRequest._request (C:\Users\dell\Documents\VSSelenium_Workspace\my-test-app\node_modules\@wdio\runner\node_modules\webdriver\build\request.js:168:31)
                    at processTicksAndRejections (internal/process/task_queues.js:93:5)
                    at Browser.runCommandWithHooks (C:\Users\dell\Documents\VSSelenium_Workspace\my-test-app\node_modules\@wdio\sync\build\wrapCommand.js:105:25)
                    at Browser.runCommandWithHooks (C:\Users\dell\Documents\VSSelenium_Workspace\my-test-app\node_modules\@wdio\sync\build\wrapCommand.js:100:24)
                    at Browser.switchContext (C:\Users\dell\Documents\VSSelenium_Workspace\my-test-app\node_modules\@wdio\sync\build\wrapCommand.js:67:44)
                    at World.&lt;anonymous> (C:\Users\dell\Documents\VSSelenium_Workspace\my-test-app\src\steps\/given.js:11:12)
                    at World.executeSync (C:\Users\dell\Documents\VSSelenium_Workspace\my-test-app\node_modules\@wdio\sync\build\index.js:38:22)
                    at C:\Users\dell\Documents\VSSelenium_Workspace\my-test-app\node_modules\@wdio\sync\build\index.js:69:68</stack-trace>
            </failure>
        </test-case>
        <test-case start='1623243823571' status='undefined'>
            <name>When I enter mobile number 7038053685</name>
            <title>When I enter mobile number 7038053685</title>
            <labels>
                <label name='language' value='javascript'/>
                <label name='framework' value='wdio'/>
                <label name='thread' value='0-0'/>
            </labels>
            <parameters>
                <parameter kind='argument' name='device' value='emulator-5554-9'/>
            </parameters>
            <steps/>
            <attachments/>
        </test-case>
        <test-case start='1623243823571' status='pending' stop='1623243823571'>
            <name>I enter mobile number 7038053685</name>
            <title>I enter mobile number 7038053685</title>
            <labels/>
            <parameters/>
            <steps/>
            <attachments/>
            <failure>
                <message>Test ignored</message>
                <stack-trace>undefined</stack-trace>
            </failure>
        </test-case>
        <test-case start='1623243823571' status='undefined'>
            <name>Then I should see Sign Up screen is displayed</name>
            <title>Then I should see Sign Up screen is displayed</title>
            <labels>
                <label name='language' value='javascript'/>
                <label name='framework' value='wdio'/>
                <label name='thread' value='0-0'/>
            </labels>
            <parameters>
                <parameter kind='argument' name='device' value='emulator-5554-9'/>
            </parameters>
            <steps/>
            <attachments/>
        </test-case>
        <test-case start='1623243823572' status='pending' stop='1623243823572'>
            <name>I should see Sign Up screen is displayed</name>
            <title>I should see Sign Up screen is displayed</title>
            <labels/>
            <parameters/>
            <steps/>
            <attachments/>
            <failure>
                <message>Test ignored</message>
                <stack-trace>undefined</stack-trace>
            </failure>
        </test-case>
        <test-case start='1623243823572' status='passed' stop='1623243823572'>
            <name></name>
            <title></title>
            <labels>
                <label name='language' value='javascript'/>
                <label name='framework' value='wdio'/>
                <label name='thread' value='0-0'/>
            </labels>
            <parameters>
                <parameter kind='argument' name='device' value='emulator-5554-9'/>
            </parameters>
            <steps/>
            <attachments/>
        </test-case>
    </test-cases>
</ns2:test-suite>