<?xml version='1.0'?>
<ns2:test-suite xmlns:ns2='urn:model.allure.qatools.yandex.ru' start='1623259397993' stop='1623259399020'>
    <name>Login Feature: Login - mobile number validation</name>
    <title>Login Feature: Login - mobile number validation</title>
    <test-cases>
        <test-case start='1623259397993' status='passed' stop='1623259397995'>
            <name></name>
            <title></title>
            <labels>
                <label name='language' value='javascript'/>
                <label name='framework' value='wdio'/>
                <label name='thread' value='0-0'/>
            </labels>
            <parameters>
                <parameter kind='argument' name='device' value='emulator-5554-9'/>
            </parameters>
            <steps/>
            <attachments/>
        </test-case>
        <test-case start='1623259397995' status='passed' stop='1623259398093'>
            <name>Given I am on Sign In Screen</name>
            <title>Given I am on Sign In Screen</title>
            <labels>
                <label name='language' value='javascript'/>
                <label name='framework' value='wdio'/>
                <label name='thread' value='0-0'/>
            </labels>
            <parameters>
                <parameter kind='argument' name='device' value='emulator-5554-9'/>
            </parameters>
            <steps>
                <step start='1623259397998' status='passed' stop='1623259398090'>
                    <name>GET /session/:sessionId/title</name>
                    <title>GET /session/:sessionId/title</title>
                    <attachments>
                        <attachment title='Response' source='e84e07b7-feb7-448f-b112-212881e52f68-attachment.json' type='application/json' size='9'/>
                    </attachments>
                    <steps/>
                </step>
            </steps>
            <attachments/>
        </test-case>
        <test-case start='1623259398093' status='passed' stop='1623259398676'>
            <name>And I switch to webview</name>
            <title>And I switch to webview</title>
            <labels>
                <label name='language' value='javascript'/>
                <label name='framework' value='wdio'/>
                <label name='thread' value='0-0'/>
            </labels>
            <parameters>
                <parameter kind='argument' name='device' value='emulator-5554-9'/>
            </parameters>
            <steps>
                <step start='1623259398095' status='passed' stop='1623259398648'>
                    <name>GET /session/:sessionId/contexts</name>
                    <title>GET /session/:sessionId/contexts</title>
                    <attachments>
                        <attachment title='Response' source='14ff0921-28ba-4000-a888-80039ab581e3-attachment.json' type='application/json' size='58'/>
                    </attachments>
                    <steps/>
                </step>
                <step start='1623259398650' status='passed' stop='1623259398673'>
                    <name>POST /session/:sessionId/context</name>
                    <title>POST /session/:sessionId/context</title>
                    <attachments>
                        <attachment title='Request' source='a48cf4f8-4c4c-41de-b0b3-20c8df1c8a96-attachment.json' type='application/json' size='50'/>
                    </attachments>
                    <steps/>
                </step>
            </steps>
            <attachments/>
        </test-case>
        <test-case start='1623259398676' status='passed' stop='1623259399010'>
            <name>Then I should see Mobile field</name>
            <title>Then I should see Mobile field</title>
            <labels>
                <label name='language' value='javascript'/>
                <label name='framework' value='wdio'/>
                <label name='thread' value='0-0'/>
            </labels>
            <parameters>
                <parameter kind='argument' name='device' value='emulator-5554-9'/>
            </parameters>
            <steps>
                <step start='1623259398680' status='passed' stop='1623259398834'>
                    <name>POST /session/:sessionId/element</name>
                    <title>POST /session/:sessionId/element</title>
                    <attachments>
                        <attachment title='Request' source='afe8fec7-44c6-4588-8663-a4ab2e40fee3-attachment.json' type='application/json' size='77'/>
                        <attachment title='Response' source='f7efa2d4-1dc6-4a6e-9ab1-639fc99d6039-attachment.json' type='application/json' size='104'/>
                    </attachments>
                    <steps/>
                </step>
                <step start='1623259398864' status='passed' stop='1623259399006'>
                    <name>GET /session/:sessionId/element/0.6119962256594758-3/displayed</name>
                    <title>GET /session/:sessionId/element/0.6119962256594758-3/displayed</title>
                    <attachments>
                        <attachment title='Response' source='a32aa28e-472c-4257-8a97-414a3190bce7-attachment.json' type='application/json' size='4'/>
                    </attachments>
                    <steps/>
                </step>
            </steps>
            <attachments/>
        </test-case>
        <test-case start='1623259399010' status='broken' stop='1623259399014'>
            <name>When I select Singapore +65</name>
            <title>When I select Singapore +65</title>
            <labels>
                <label name='language' value='javascript'/>
                <label name='framework' value='wdio'/>
                <label name='thread' value='0-0'/>
            </labels>
            <parameters>
                <parameter kind='argument' name='device' value='emulator-5554-9'/>
            </parameters>
            <steps/>
            <attachments/>
            <failure>
                <message>Step "I select Singapore +65" is not defined. You can ignore this error by setting cucumberOpts.ignoreUndefinedDefinitions as true.</message>
                <stack-trace>Step "I select Singapore +65" is not defined. You can ignore this error by setting cucumberOpts.ignoreUndefinedDefinitions as true.
                	at Feature(C:\Users\dell\Documents\VSSelenium_Workspace\my-test-app\src\features\Login.feature):1:1
                	at Scenario(Login - mobile number validation):17:1
                	at Step(I select Singapore &lt;Country_Code>):22:5
                </stack-trace>
            </failure>
        </test-case>
        <test-case start='1623259399015' status='broken' stop='1623259399016'>
            <name>Then I enter number as 70380536</name>
            <title>Then I enter number as 70380536</title>
            <labels>
                <label name='language' value='javascript'/>
                <label name='framework' value='wdio'/>
                <label name='thread' value='0-0'/>
            </labels>
            <parameters>
                <parameter kind='argument' name='device' value='emulator-5554-9'/>
            </parameters>
            <steps/>
            <attachments/>
            <failure>
                <message>Step "I enter number as 70380536" is not defined. You can ignore this error by setting cucumberOpts.ignoreUndefinedDefinitions as true.</message>
                <stack-trace>Step "I enter number as 70380536" is not defined. You can ignore this error by setting cucumberOpts.ignoreUndefinedDefinitions as true.
                	at Feature(C:\Users\dell\Documents\VSSelenium_Workspace\my-test-app\src\features\Login.feature):1:1
                	at Scenario(Login - mobile number validation):17:1
                	at Step(I enter number as &lt;Mobile_No>):23:5
                </stack-trace>
            </failure>
        </test-case>
        <test-case start='1623259399016' status='undefined'>
            <name>And I should see Login button enabled</name>
            <title>And I should see Login button enabled</title>
            <labels>
                <label name='language' value='javascript'/>
                <label name='framework' value='wdio'/>
                <label name='thread' value='0-0'/>
            </labels>
            <parameters>
                <parameter kind='argument' name='device' value='emulator-5554-9'/>
            </parameters>
            <steps/>
            <attachments/>
        </test-case>
        <test-case start='1623259399018' status='pending' stop='1623259399018'>
            <name>I should see Login button enabled</name>
            <title>I should see Login button enabled</title>
            <labels/>
            <parameters/>
            <steps/>
            <attachments/>
            <failure>
                <message>Test ignored</message>
                <stack-trace>undefined</stack-trace>
            </failure>
        </test-case>
        <test-case start='1623259399018' status='passed' stop='1623259399020'>
            <name></name>
            <title></title>
            <labels>
                <label name='language' value='javascript'/>
                <label name='framework' value='wdio'/>
                <label name='thread' value='0-0'/>
            </labels>
            <parameters>
                <parameter kind='argument' name='device' value='emulator-5554-9'/>
            </parameters>
            <steps/>
            <attachments/>
        </test-case>
    </test-cases>
</ns2:test-suite>