<?xml version='1.0'?>
<ns2:test-suite xmlns:ns2='urn:model.allure.qatools.yandex.ru' start='1623218882423' stop='1623218882492'>
    <name>Login Feature: Mobile number validation</name>
    <title>Login Feature: Mobile number validation</title>
    <test-cases>
        <test-case start='1623218882423' status='passed' stop='1623218882424'>
            <name></name>
            <title></title>
            <labels>
                <label name='language' value='javascript'/>
                <label name='framework' value='wdio'/>
                <label name='thread' value='0-0'/>
            </labels>
            <parameters>
                <parameter kind='argument' name='device' value='emulator-5554-9'/>
            </parameters>
            <steps/>
            <attachments/>
        </test-case>
        <test-case start='1623218882424' status='passed' stop='1623218882426'>
            <name>Given I open the Patient App</name>
            <title>Given I open the Patient App</title>
            <labels>
                <label name='language' value='javascript'/>
                <label name='framework' value='wdio'/>
                <label name='thread' value='0-0'/>
            </labels>
            <parameters>
                <parameter kind='argument' name='device' value='emulator-5554-9'/>
            </parameters>
            <steps/>
            <attachments/>
        </test-case>
        <test-case start='1623218882426' status='broken' stop='1623218882490'>
            <name>And I switch to webview</name>
            <title>And I switch to webview</title>
            <labels>
                <label name='language' value='javascript'/>
                <label name='framework' value='wdio'/>
                <label name='thread' value='0-0'/>
            </labels>
            <parameters>
                <parameter kind='argument' name='device' value='emulator-5554-9'/>
            </parameters>
            <steps>
                <step start='1623218882427' status='passed' stop='1623218882484'>
                    <name>GET /session/:sessionId/contexts</name>
                    <title>GET /session/:sessionId/contexts</title>
                    <attachments>
                        <attachment title='Response' source='ec881af3-6371-4ae1-87f3-cd80bcb2e177-attachment.json' type='application/json' size='18'/>
                    </attachments>
                    <steps/>
                </step>
            </steps>
            <attachments/>
            <failure>
                <message>Malformed type for "name" parameter of command switchContext</message>
                <stack-trace>Malformed type for "name" parameter of command switchContext
                Expected: string
                Actual: undefined
                
                For more info see https://github.com/SeleniumHQ/mobile-spec/blob/master/spec-draft.md#webviews-and-other-contexts
                
                Error: Malformed type for "name" parameter of command switchContext
                Expected: string
                Actual: undefined
                For more info see https://github.com/SeleniumHQ/mobile-spec/blob/master/spec-draft.md#webviews-and-other-contexts
                    at Browser.protocolCommand (C:\Users\dell\Documents\VSSelenium_Workspace\my-test-app\node_modules\@wdio\runner\node_modules\webdriver\build\command.js:53:23)
                    at Browser.runCommandWithHooks (C:\Users\dell\Documents\VSSelenium_Workspace\my-test-app\node_modules\@wdio\sync\build\wrapCommand.js:105:34)
                    at processTicksAndRejections (internal/process/task_queues.js:93:5)
                    at Browser.runCommandWithHooks (C:\Users\dell\Documents\VSSelenium_Workspace\my-test-app\node_modules\@wdio\sync\build\wrapCommand.js:100:24)
                    at Browser.switchContext (C:\Users\dell\Documents\VSSelenium_Workspace\my-test-app\node_modules\@wdio\sync\build\wrapCommand.js:67:44)
                    at World.&lt;anonymous> (C:\Users\dell\Documents\VSSelenium_Workspace\my-test-app\src\steps\/given.js:16:12)
                    at World.executeSync (C:\Users\dell\Documents\VSSelenium_Workspace\my-test-app\node_modules\@wdio\sync\build\index.js:38:22)
                    at C:\Users\dell\Documents\VSSelenium_Workspace\my-test-app\node_modules\@wdio\sync\build\index.js:69:68</stack-trace>
            </failure>
        </test-case>
        <test-case start='1623218882490' status='undefined'>
            <name>When I enter mobile number 09991234567</name>
            <title>When I enter mobile number 09991234567</title>
            <labels>
                <label name='language' value='javascript'/>
                <label name='framework' value='wdio'/>
                <label name='thread' value='0-0'/>
            </labels>
            <parameters>
                <parameter kind='argument' name='device' value='emulator-5554-9'/>
            </parameters>
            <steps/>
            <attachments/>
        </test-case>
        <test-case start='1623218882491' status='pending' stop='1623218882491'>
            <name>I enter mobile number 09991234567</name>
            <title>I enter mobile number 09991234567</title>
            <labels/>
            <parameters/>
            <steps/>
            <attachments/>
            <failure>
                <message>Test ignored</message>
                <stack-trace>undefined</stack-trace>
            </failure>
        </test-case>
        <test-case start='1623218882491' status='undefined'>
            <name>Then I should see Sign Up screen is displayed</name>
            <title>Then I should see Sign Up screen is displayed</title>
            <labels>
                <label name='language' value='javascript'/>
                <label name='framework' value='wdio'/>
                <label name='thread' value='0-0'/>
            </labels>
            <parameters>
                <parameter kind='argument' name='device' value='emulator-5554-9'/>
            </parameters>
            <steps/>
            <attachments/>
        </test-case>
        <test-case start='1623218882491' status='pending' stop='1623218882491'>
            <name>I should see Sign Up screen is displayed</name>
            <title>I should see Sign Up screen is displayed</title>
            <labels/>
            <parameters/>
            <steps/>
            <attachments/>
            <failure>
                <message>Test ignored</message>
                <stack-trace>undefined</stack-trace>
            </failure>
        </test-case>
        <test-case start='1623218882491' status='passed' stop='1623218882492'>
            <name></name>
            <title></title>
            <labels>
                <label name='language' value='javascript'/>
                <label name='framework' value='wdio'/>
                <label name='thread' value='0-0'/>
            </labels>
            <parameters>
                <parameter kind='argument' name='device' value='emulator-5554-9'/>
            </parameters>
            <steps/>
            <attachments/>
        </test-case>
    </test-cases>
</ns2:test-suite>