<?xml version='1.0'?>
<ns2:test-suite xmlns:ns2='urn:model.allure.qatools.yandex.ru' start='1623303553634' stop='1623303614332'>
    <name>Login Feature: Login - mobile number validation</name>
    <title>Login Feature: Login - mobile number validation</title>
    <test-cases>
        <test-case start='1623303553634' status='passed' stop='1623303553634'>
            <name></name>
            <title></title>
            <labels>
                <label name='language' value='javascript'/>
                <label name='framework' value='wdio'/>
                <label name='thread' value='0-0'/>
            </labels>
            <parameters>
                <parameter kind='argument' name='device' value='emulator-5554-9'/>
            </parameters>
            <steps/>
            <attachments/>
        </test-case>
        <test-case start='1623303553635' status='passed' stop='1623303553662'>
            <name>Given I am on Sign In Screen</name>
            <title>Given I am on Sign In Screen</title>
            <labels>
                <label name='language' value='javascript'/>
                <label name='framework' value='wdio'/>
                <label name='thread' value='0-0'/>
            </labels>
            <parameters>
                <parameter kind='argument' name='device' value='emulator-5554-9'/>
            </parameters>
            <steps>
                <step start='1623303553636' status='passed' stop='1623303553661'>
                    <name>GET /session/:sessionId/title</name>
                    <title>GET /session/:sessionId/title</title>
                    <attachments>
                        <attachment title='Response' source='f4350fb5-1480-4323-a302-fdb8a64408df-attachment.json' type='application/json' size='9'/>
                    </attachments>
                    <steps/>
                </step>
            </steps>
            <attachments/>
        </test-case>
        <test-case start='1623303553662' status='passed' stop='1623303553987'>
            <name>And I switch to webview</name>
            <title>And I switch to webview</title>
            <labels>
                <label name='language' value='javascript'/>
                <label name='framework' value='wdio'/>
                <label name='thread' value='0-0'/>
            </labels>
            <parameters>
                <parameter kind='argument' name='device' value='emulator-5554-9'/>
            </parameters>
            <steps>
                <step start='1623303553663' status='passed' stop='1623303553974'>
                    <name>GET /session/:sessionId/contexts</name>
                    <title>GET /session/:sessionId/contexts</title>
                    <attachments>
                        <attachment title='Response' source='cf23c855-499b-4fed-9207-fb2a726e9b6e-attachment.json' type='application/json' size='58'/>
                    </attachments>
                    <steps/>
                </step>
                <step start='1623303553975' status='passed' stop='1623303553986'>
                    <name>POST /session/:sessionId/context</name>
                    <title>POST /session/:sessionId/context</title>
                    <attachments>
                        <attachment title='Request' source='353a06cf-73cb-4ba2-a979-60988a186223-attachment.json' type='application/json' size='50'/>
                    </attachments>
                    <steps/>
                </step>
            </steps>
            <attachments/>
        </test-case>
        <test-case start='1623303553987' status='passed' stop='1623303554078'>
            <name>When I should see Mobile field</name>
            <title>When I should see Mobile field</title>
            <labels>
                <label name='language' value='javascript'/>
                <label name='framework' value='wdio'/>
                <label name='thread' value='0-0'/>
            </labels>
            <parameters>
                <parameter kind='argument' name='device' value='emulator-5554-9'/>
            </parameters>
            <steps>
                <step start='1623303553988' status='passed' stop='1623303554023'>
                    <name>POST /session/:sessionId/element</name>
                    <title>POST /session/:sessionId/element</title>
                    <attachments>
                        <attachment title='Request' source='ca17f6a1-9fdb-45bf-b849-6ecdeea3c089-attachment.json' type='application/json' size='77'/>
                        <attachment title='Response' source='15ff36eb-76be-45e8-8d99-0e4d1a818b6b-attachment.json' type='application/json' size='104'/>
                    </attachments>
                    <steps/>
                </step>
                <step start='1623303554029' status='passed' stop='1623303554077'>
                    <name>GET /session/:sessionId/element/0.7397206788082844-3/displayed</name>
                    <title>GET /session/:sessionId/element/0.7397206788082844-3/displayed</title>
                    <attachments>
                        <attachment title='Response' source='82d20a24-c1c4-43f3-833c-93f92189046c-attachment.json' type='application/json' size='4'/>
                    </attachments>
                    <steps/>
                </step>
            </steps>
            <attachments/>
        </test-case>
        <test-case start='1623303554079' status='broken' stop='1623303614331'>
            <name>And I select Singapore 65</name>
            <title>And I select Singapore 65</title>
            <labels>
                <label name='language' value='javascript'/>
                <label name='framework' value='wdio'/>
                <label name='thread' value='0-0'/>
            </labels>
            <parameters>
                <parameter kind='argument' name='device' value='emulator-5554-9'/>
            </parameters>
            <steps>
                <step start='1623303554081' status='broken' stop='1623303614331'>
                    <name>POST /session/:sessionId/element</name>
                    <title>POST /session/:sessionId/element</title>
                    <attachments>
                        <attachment title='Request' source='0eba5f33-f181-4ba2-a484-f44928d16723-attachment.json' type='application/json' size='96'/>
                    </attachments>
                    <steps>
                        <step start='1623303554314' status='broken' stop='1623303614331'>
                            <name>GET /session/:sessionId/screenshot</name>
                            <title>GET /session/:sessionId/screenshot</title>
                            <attachments/>
                            <steps/>
                        </step>
                    </steps>
                </step>
            </steps>
            <attachments/>
            <failure>
                <message>invalid selector: Unable to locate an element with the xpath expression .//formcontrolname[normalize-space() = ""countryCode""] because of the following error:</message>
                <stack-trace>invalid selector: Unable to locate an element with the xpath expression .//formcontrolname[normalize-space() = ""countryCode""] because of the following error:
                SyntaxError: Failed to execute 'evaluate' on 'Document': The string './/formcontrolname[normalize-space() = ""countryCode""]' is not a valid XPath expression.
                  (Session info: chrome=69.0.3497.100)
                  (Driver info: chromedriver=2.44.609538 (b655c5a60b0b544917107a59d4153d4bf78e1b90),platform=Windows NT 10.0.19041 x86_64)
                    at Object.getErrorFromResponseBody (C:\Users\dell\Documents\VSSelenium_Workspace\my-test-app\node_modules\@wdio\runner\node_modules\webdriver\build\utils.js:189:12)
                    at WebDriverRequest._request (C:\Users\dell\Documents\VSSelenium_Workspace\my-test-app\node_modules\@wdio\runner\node_modules\webdriver\build\request.js:168:31)
                    at processTicksAndRejections (internal/process/task_queues.js:93:5)
                    at Browser.$ (C:\Users\dell\Documents\VSSelenium_Workspace\my-test-app\node_modules\@wdio\runner\node_modules\webdriverio\build\commands\browser\$.js:83:17)
                    at Browser.runCommandWithHooks (C:\Users\dell\Documents\VSSelenium_Workspace\my-test-app\node_modules\@wdio\sync\build\wrapCommand.js:105:25)
                    at Browser.runCommandWithHooks (C:\Users\dell\Documents\VSSelenium_Workspace\my-test-app\node_modules\@wdio\sync\build\wrapCommand.js:100:24)
                    at Browser.wrapCommandFn (C:\Users\dell\Documents\VSSelenium_Workspace\my-test-app\node_modules\@wdio\sync\build\wrapCommand.js:67:44)
                    at $ (C:\Users\dell\Documents\VSSelenium_Workspace\my-test-app\node_modules\@wdio\runner\build\index.js:189:42)
                    at World.&lt;anonymous> (C:\Users\dell\Documents\VSSelenium_Workspace\my-test-app\src\steps\/when.js:18:26)
                    at World.executeSync (C:\Users\dell\Documents\VSSelenium_Workspace\my-test-app\node_modules\@wdio\sync\build\index.js:38:22)
                    at C:\Users\dell\Documents\VSSelenium_Workspace\my-test-app\node_modules\@wdio\sync\build\index.js:69:68</stack-trace>
            </failure>
        </test-case>
        <test-case start='1623303614331' status='undefined'>
            <name>Then I enter mobile number 70380536</name>
            <title>Then I enter mobile number 70380536</title>
            <labels>
                <label name='language' value='javascript'/>
                <label name='framework' value='wdio'/>
                <label name='thread' value='0-0'/>
            </labels>
            <parameters>
                <parameter kind='argument' name='device' value='emulator-5554-9'/>
            </parameters>
            <steps/>
            <attachments/>
        </test-case>
        <test-case start='1623303614332' status='pending' stop='1623303614332'>
            <name>I enter mobile number 70380536</name>
            <title>I enter mobile number 70380536</title>
            <labels/>
            <parameters/>
            <steps/>
            <attachments/>
            <failure>
                <message>Test ignored</message>
                <stack-trace>undefined</stack-trace>
            </failure>
        </test-case>
        <test-case start='1623303614332' status='undefined'>
            <name>And I should see Login button enabled</name>
            <title>And I should see Login button enabled</title>
            <labels>
                <label name='language' value='javascript'/>
                <label name='framework' value='wdio'/>
                <label name='thread' value='0-0'/>
            </labels>
            <parameters>
                <parameter kind='argument' name='device' value='emulator-5554-9'/>
            </parameters>
            <steps/>
            <attachments/>
        </test-case>
        <test-case start='1623303614332' status='pending' stop='1623303614332'>
            <name>I should see Login button enabled</name>
            <title>I should see Login button enabled</title>
            <labels/>
            <parameters/>
            <steps/>
            <attachments/>
            <failure>
                <message>Test ignored</message>
                <stack-trace>undefined</stack-trace>
            </failure>
        </test-case>
        <test-case start='1623303614332' status='passed' stop='1623303614332'>
            <name></name>
            <title></title>
            <labels>
                <label name='language' value='javascript'/>
                <label name='framework' value='wdio'/>
                <label name='thread' value='0-0'/>
            </labels>
            <parameters>
                <parameter kind='argument' name='device' value='emulator-5554-9'/>
            </parameters>
            <steps/>
            <attachments/>
        </test-case>
    </test-cases>
</ns2:test-suite>